<!DOCTYPE html>

<html>
  <head>
  <meta charset='utf-8'>
  <title>TestNG reports</title>

    <link type="text/css" href="testng-reports.css" rel="stylesheet" />  
    <script type="text/javascript" src="jquery-1.7.1.min.js"></script>
    <script type="text/javascript" src="testng-reports.js"></script>
    <script type="text/javascript" src="https://www.google.com/jsapi"></script>
    <script type='text/javascript'>
      google.load('visualization', '1', {packages:['table']});
      google.setOnLoadCallback(drawTable);
      var suiteTableInitFunctions = new Array();
      var suiteTableData = new Array();
    </script>
    <!--
      <script type="text/javascript" src="jquery-ui/js/jquery-ui-1.8.16.custom.min.js"></script>
     -->
  </head>

  <body>
    <div class="top-banner-root">
      <span class="top-banner-title-font">Test results</span>
      <br/>
      <span class="top-banner-font-1">1 suite, 5 failed tests</span>
    </div> <!-- top-banner-root -->
    <div class="navigator-root">
      <div class="navigator-suite-header">
        <span>All suites</span>
        <a href="#" title="Collapse/expand all the suites" class="collapse-all-link">
          <img src="collapseall.gif" class="collapse-all-icon">
          </img> <!-- collapse-all-icon -->
        </a> <!-- collapse-all-link -->
      </div> <!-- navigator-suite-header -->
      <div class="suite">
        <div class="rounded-window">
          <div class="suite-header light-rounded-window-top">
            <a href="#" panel-name="suite-Sapphirus_Systems_Pvt_Ltd" class="navigator-link">
              <span class="suite-name border-failed">Sapphirus Systems Pvt Ltd</span>
            </a> <!-- navigator-link -->
          </div> <!-- suite-header light-rounded-window-top -->
          <div class="navigator-suite-content">
            <div class="suite-section-title">
              <span>Info</span>
            </div> <!-- suite-section-title -->
            <div class="suite-section-content">
              <ul>
                <li>
                  <a href="#" panel-name="test-xml-Sapphirus_Systems_Pvt_Ltd" class="navigator-link ">
                    <span>C:\Users\admin\eclipse-workspace\Learning Chain Automation6\testng.xml</span>
                  </a> <!-- navigator-link  -->
                </li>
                <li>
                  <a href="#" panel-name="testlist-Sapphirus_Systems_Pvt_Ltd" class="navigator-link ">
                    <span class="test-stats">2 tests</span>
                  </a> <!-- navigator-link  -->
                </li>
                <li>
                  <a href="#" panel-name="group-Sapphirus_Systems_Pvt_Ltd" class="navigator-link ">
                    <span>1 group</span>
                  </a> <!-- navigator-link  -->
                </li>
                <li>
                  <a href="#" panel-name="times-Sapphirus_Systems_Pvt_Ltd" class="navigator-link ">
                    <span>Times</span>
                  </a> <!-- navigator-link  -->
                </li>
                <li>
                  <a href="#" panel-name="reporter-Sapphirus_Systems_Pvt_Ltd" class="navigator-link ">
                    <span>Reporter output</span>
                  </a> <!-- navigator-link  -->
                </li>
                <li>
                  <a href="#" panel-name="ignored-methods-Sapphirus_Systems_Pvt_Ltd" class="navigator-link ">
                    <span>Ignored methods</span>
                  </a> <!-- navigator-link  -->
                </li>
                <li>
                  <a href="#" panel-name="chronological-Sapphirus_Systems_Pvt_Ltd" class="navigator-link ">
                    <span>Chronological view</span>
                  </a> <!-- navigator-link  -->
                </li>
              </ul>
            </div> <!-- suite-section-content -->
            <div class="result-section">
              <div class="suite-section-title">
                <span>Results</span>
              </div> <!-- suite-section-title -->
              <div class="suite-section-content">
                <ul>
                  <li>
                    <span class="method-stats">9 methods, 5 failed,   4 passed</span>
                  </li>
                  <li>
                    <span class="method-list-title failed">Failed methods</span>
                    <span class="show-or-hide-methods failed">
                      <a href="#" panel-name="suite-Sapphirus_Systems_Pvt_Ltd" class="hide-methods failed suite-Sapphirus_Systems_Pvt_Ltd"> (hide)</a> <!-- hide-methods failed suite-Sapphirus_Systems_Pvt_Ltd -->
                      <a href="#" panel-name="suite-Sapphirus_Systems_Pvt_Ltd" class="show-methods failed suite-Sapphirus_Systems_Pvt_Ltd"> (show)</a> <!-- show-methods failed suite-Sapphirus_Systems_Pvt_Ltd -->
                    </span>
                    <div class="method-list-content failed suite-Sapphirus_Systems_Pvt_Ltd">
                      <span>
                        <img src="failed.png" width="3%"/>
                        <a href="#" panel-name="suite-Sapphirus_Systems_Pvt_Ltd" title="com.cucumber.TestRunner.UserGenSingleByUploadingDOCfileRunner" class="method navigator-link" hash-for-method="feature(Institution User - Check the flow of User Generate Single by uploading DOC file)">feature(Institution User - Check the flow of User Generate Single by uploading DOC file)</a> <!-- method navigator-link -->
                      </span>
                      <br/>
                      <span>
                        <img src="failed.png" width="3%"/>
                        <a href="#" panel-name="suite-Sapphirus_Systems_Pvt_Ltd" title="com.cucumber.TestRunner.UserGenSingleByUploadingDOCXfileRunner" class="method navigator-link" hash-for-method="feature(Institution User - Check the flow of User Generate Single by uploading DOCX file)">feature(Institution User - Check the flow of User Generate Single by uploading DOCX file)</a> <!-- method navigator-link -->
                      </span>
                      <br/>
                      <span>
                        <img src="failed.png" width="3%"/>
                        <a href="#" panel-name="suite-Sapphirus_Systems_Pvt_Ltd" title="com.cucumber.TestRunner.UserGenerateBulkWithApprovalRunner" class="method navigator-link" hash-for-method="feature(Institution User - Check the flow of Institution User Bulk with Approvals)">feature(Institution User - Check the flow of Institution User Bulk with Approvals)</a> <!-- method navigator-link -->
                      </span>
                      <br/>
                      <span>
                        <img src="failed.png" width="3%"/>
                        <a href="#" panel-name="suite-Sapphirus_Systems_Pvt_Ltd" title="com.cucumber.TestRunner.UserDashboardRecentCertificateGenerationsRunner" class="method navigator-link" hash-for-method="feature(Institution User - Check the flow of Dashboard Recent Certificate Generations - print button)">feature(Institution User - Check the flow of Dashboard Recent Certificate Generations - print button)</a> <!-- method navigator-link -->
                      </span>
                      <br/>
                      <span>
                        <img src="failed.png" width="3%"/>
                        <a href="#" panel-name="suite-Sapphirus_Systems_Pvt_Ltd" title="com.cucumber.TestRunner.UserGenSingleByUploadingJPGfileRunner" class="method navigator-link" hash-for-method="feature(Institution User - Check the flow of User Generate Single by uploading JPG file)">feature(Institution User - Check the flow of User Generate Single by uploading JPG file)</a> <!-- method navigator-link -->
                      </span>
                      <br/>
                    </div> <!-- method-list-content failed suite-Sapphirus_Systems_Pvt_Ltd -->
                  </li>
                  <li>
                    <span class="method-list-title passed">Passed methods</span>
                    <span class="show-or-hide-methods passed">
                      <a href="#" panel-name="suite-Sapphirus_Systems_Pvt_Ltd" class="hide-methods passed suite-Sapphirus_Systems_Pvt_Ltd"> (hide)</a> <!-- hide-methods passed suite-Sapphirus_Systems_Pvt_Ltd -->
                      <a href="#" panel-name="suite-Sapphirus_Systems_Pvt_Ltd" class="show-methods passed suite-Sapphirus_Systems_Pvt_Ltd"> (show)</a> <!-- show-methods passed suite-Sapphirus_Systems_Pvt_Ltd -->
                    </span>
                    <div class="method-list-content passed suite-Sapphirus_Systems_Pvt_Ltd">
                      <span>
                        <img src="passed.png" width="3%"/>
                        <a href="#" panel-name="suite-Sapphirus_Systems_Pvt_Ltd" title="com.cucumber.TestRunner.UserVerifyCertificatesRunner" class="method navigator-link" hash-for-method="feature(Institution User - Check the flow of Institution User Verify Certificates)">feature(Institution User - Check the flow of Institution User Verify Certificates)</a> <!-- method navigator-link -->
                      </span>
                      <br/>
                      <span>
                        <img src="passed.png" width="3%"/>
                        <a href="#" panel-name="suite-Sapphirus_Systems_Pvt_Ltd" title="com.cucumber.TestRunner.UserChangePasswordRunner" class="method navigator-link" hash-for-method="feature(Institution User - Check the flow of Change Password)">feature(Institution User - Check the flow of Change Password)</a> <!-- method navigator-link -->
                      </span>
                      <br/>
                      <span>
                        <img src="passed.png" width="3%"/>
                        <a href="#" panel-name="suite-Sapphirus_Systems_Pvt_Ltd" title="com.cucumber.TestRunner.UserGeneratedCertificatesRunner" class="method navigator-link" hash-for-method="feature(Institution User - Check the flow of Generated Certificates)">feature(Institution User - Check the flow of Generated Certificates)</a> <!-- method navigator-link -->
                      </span>
                      <br/>
                      <span>
                        <img src="passed.png" width="3%"/>
                        <a href="#" panel-name="suite-Sapphirus_Systems_Pvt_Ltd" title="com.cucumber.TestRunner.UserDashboardViewAllGenerationsRunner" class="method navigator-link" hash-for-method="feature(Institution User - Check the flow of View All Generations)">feature(Institution User - Check the flow of View All Generations)</a> <!-- method navigator-link -->
                      </span>
                      <br/>
                    </div> <!-- method-list-content passed suite-Sapphirus_Systems_Pvt_Ltd -->
                  </li>
                </ul>
              </div> <!-- suite-section-content -->
            </div> <!-- result-section -->
          </div> <!-- navigator-suite-content -->
        </div> <!-- rounded-window -->
      </div> <!-- suite -->
    </div> <!-- navigator-root -->
    <div class="wrapper">
      <div class="main-panel-root">
        <div panel-name="suite-Sapphirus_Systems_Pvt_Ltd" class="panel Sapphirus_Systems_Pvt_Ltd">
          <div class="suite-Sapphirus_Systems_Pvt_Ltd-class-failed">
            <div class="main-panel-header rounded-window-top">
              <img src="failed.png"/>
              <span class="class-name">com.cucumber.TestRunner.UserDashboardRecentCertificateGenerationsRunner</span>
            </div> <!-- main-panel-header rounded-window-top -->
            <div class="main-panel-content rounded-window-bottom">
              <div class="method">
                <div class="method-content">
                  <a name="feature(Institution User - Check the flow of Dashboard Recent Certificate Generations - print button)">
                  </a> <!-- feature(Institution User - Check the flow of Dashboard Recent Certificate Generations - print button) -->
                  <span class="method-name">feature</span>
                  <span class="parameters">(Institution User - Check the flow of Dashboard Recent Certificate Generations - print button)</span>
                  <div class="stack-trace">cucumber.runtime.CucumberException: org.openqa.selenium.NoSuchElementException: no such element: Unable to locate element: {&quot;method&quot;:&quot;xpath&quot;,&quot;selector&quot;:&quot;//a[@class=&apos;btn btn-sm btn-primary-light&apos;]&quot;}
  (Session info: chrome=123.0.6312.106)
For documentation on this error, please visit: https://www.selenium.dev/documentation/webdriver/troubleshooting/errors#no-such-element-exception
Build info: version: &apos;4.12.1&apos;, revision: &apos;8e34639b11&apos;
System info: os.name: &apos;Windows 10&apos;, os.arch: &apos;amd64&apos;, os.version: &apos;10.0&apos;, java.version: &apos;11.0.20&apos;
Driver info: org.openqa.selenium.chrome.ChromeDriver
Command: [8b9035bae9fb35653a5b0f5728e9d43d, findElement {using=xpath, value=//a[@class=&apos;btn btn-sm btn-primary-light&apos;]}]
Capabilities {acceptInsecureCerts: false, browserName: chrome, browserVersion: 123.0.6312.106, chrome: {chromedriverVersion: 123.0.6312.58 (6b4b19e9dfbb..., userDataDir: C:\Users\admin\AppData\Loca...}, fedcm:accounts: true, goog:chromeOptions: {debuggerAddress: localhost:52446}, networkConnectionEnabled: false, pageLoadStrategy: normal, platformName: windows, proxy: Proxy(), se:cdp: ws://localhost:52446/devtoo..., se:cdpVersion: 123.0.6312.106, setWindowRect: true, strictFileInteractability: false, timeouts: {implicit: 0, pageLoad: 300000, script: 30000}, unhandledPromptBehavior: dismiss and notify, webauthn:extension:credBlob: true, webauthn:extension:largeBlob: true, webauthn:extension:minPinLength: true, webauthn:extension:prf: true, webauthn:virtualAuthenticators: true}
Session ID: 8b9035bae9fb35653a5b0f5728e9d43d
	at cucumber.api.testng.TestNGCucumberRunner.runCucumber(TestNGCucumberRunner.java:69)
	at cucumber.api.testng.AbstractTestNGCucumberTests.feature(AbstractTestNGCucumberTests.java:21)
Caused by: org.openqa.selenium.NoSuchElementException: no such element: Unable to locate element: {&quot;method&quot;:&quot;xpath&quot;,&quot;selector&quot;:&quot;//a[@class=&apos;btn btn-sm btn-primary-light&apos;]&quot;}
  (Session info: chrome=123.0.6312.106)
For documentation on this error, please visit: https://www.selenium.dev/documentation/webdriver/troubleshooting/errors#no-such-element-exception
Build info: version: &apos;4.12.1&apos;, revision: &apos;8e34639b11&apos;
System info: os.name: &apos;Windows 10&apos;, os.arch: &apos;amd64&apos;, os.version: &apos;10.0&apos;, java.version: &apos;11.0.20&apos;
Driver info: org.openqa.selenium.chrome.ChromeDriver
Command: [8b9035bae9fb35653a5b0f5728e9d43d, findElement {using=xpath, value=//a[@class=&apos;btn btn-sm btn-primary-light&apos;]}]
Capabilities {acceptInsecureCerts: false, browserName: chrome, browserVersion: 123.0.6312.106, chrome: {chromedriverVersion: 123.0.6312.58 (6b4b19e9dfbb..., userDataDir: C:\Users\admin\AppData\Loca...}, fedcm:accounts: true, goog:chromeOptions: {debuggerAddress: localhost:52446}, networkConnectionEnabled: false, pageLoadStrategy: normal, platformName: windows, proxy: Proxy(), se:cdp: ws://localhost:52446/devtoo..., se:cdpVersion: 123.0.6312.106, setWindowRect: true, strictFileInteractability: false, timeouts: {implicit: 0, pageLoad: 300000, script: 30000}, unhandledPromptBehavior: dismiss and notify, webauthn:extension:credBlob: true, webauthn:extension:largeBlob: true, webauthn:extension:minPinLength: true, webauthn:extension:prf: true, webauthn:virtualAuthenticators: true}
Session ID: 8b9035bae9fb35653a5b0f5728e9d43d
	at org.openqa.selenium.remote.codec.w3c.W3CHttpResponseCodec.createException(W3CHttpResponseCodec.java:200)
	at org.openqa.selenium.remote.codec.w3c.W3CHttpResponseCodec.decode(W3CHttpResponseCodec.java:133)
	at org.openqa.selenium.remote.codec.w3c.W3CHttpResponseCodec.decode(W3CHttpResponseCodec.java:52)
	at org.openqa.selenium.remote.HttpCommandExecutor.execute(HttpCommandExecutor.java:191)
	at org.openqa.selenium.remote.service.DriverCommandExecutor.invokeExecute(DriverCommandExecutor.java:196)
	at org.openqa.selenium.remote.service.DriverCommandExecutor.execute(DriverCommandExecutor.java:171)
	at org.openqa.selenium.remote.RemoteWebDriver.execute(RemoteWebDriver.java:602)
	at org.openqa.selenium.remote.ElementLocation$ElementFinder$2.findElement(ElementLocation.java:165)
	at org.openqa.selenium.remote.ElementLocation.findElement(ElementLocation.java:59)
	at org.openqa.selenium.remote.RemoteWebDriver.findElement(RemoteWebDriver.java:359)
	at org.openqa.selenium.remote.RemoteWebDriver.findElement(RemoteWebDriver.java:353)
	at com.cucumber.PageObjects.UserDashboardRecentCertificateGenerationsPageObjects.clickandscrollthepage(UserDashboardRecentCertificateGenerationsPageObjects.java:72)
	at com.cucumber.stepdefination.UserDashboardRecentCertficateGenerationsSteps.click_and_scroll_the_page(UserDashboardRecentCertficateGenerationsSteps.java:45)
	at ✽.Then click and scroll the page(src/test/resources/features/UserDashboardRecentCertificateGenerations.feature:10)
... Removed 28 stack frames
</div> <!-- stack-trace -->
                  <em>
(Runs Cucumber Feature)                  </em>
                </div> <!-- method-content -->
              </div> <!-- method -->
            </div> <!-- main-panel-content rounded-window-bottom -->
          </div> <!-- suite-Sapphirus_Systems_Pvt_Ltd-class-failed -->
          <div class="suite-Sapphirus_Systems_Pvt_Ltd-class-failed">
            <div class="main-panel-header rounded-window-top">
              <img src="failed.png"/>
              <span class="class-name">com.cucumber.TestRunner.UserGenSingleByUploadingDOCfileRunner</span>
            </div> <!-- main-panel-header rounded-window-top -->
            <div class="main-panel-content rounded-window-bottom">
              <div class="method">
                <div class="method-content">
                  <a name="feature(Institution User - Check the flow of User Generate Single by uploading DOC file)">
                  </a> <!-- feature(Institution User - Check the flow of User Generate Single by uploading DOC file) -->
                  <span class="method-name">feature</span>
                  <span class="parameters">(Institution User - Check the flow of User Generate Single by uploading DOC file)</span>
                  <div class="stack-trace">cucumber.runtime.CucumberException: org.openqa.selenium.InvalidArgumentException: invalid argument: File not found : D:\For Automation Purpose\word.doc
  (Session info: chrome=123.0.6312.106)
Build info: version: &apos;4.12.1&apos;, revision: &apos;8e34639b11&apos;
System info: os.name: &apos;Windows 10&apos;, os.arch: &apos;amd64&apos;, os.version: &apos;10.0&apos;, java.version: &apos;11.0.20&apos;
Driver info: org.openqa.selenium.chrome.ChromeDriver
Command: [9e72d65a1c1be7b75a6f77e58c16cc6c, sendKeysToElement {id=f.C2A06BF8DD7870FB12599EDDDC2344F1.d.6CC9FAC4D0862375E687DCC7F3DA0ACE.e.3064, value=[Ljava.lang.CharSequence;@149238fe}]
Capabilities {acceptInsecureCerts: false, browserName: chrome, browserVersion: 123.0.6312.106, chrome: {chromedriverVersion: 123.0.6312.58 (6b4b19e9dfbb..., userDataDir: C:\Users\admin\AppData\Loca...}, fedcm:accounts: true, goog:chromeOptions: {debuggerAddress: localhost:52617}, networkConnectionEnabled: false, pageLoadStrategy: normal, platformName: windows, proxy: Proxy(), se:cdp: ws://localhost:52617/devtoo..., se:cdpVersion: 123.0.6312.106, setWindowRect: true, strictFileInteractability: false, timeouts: {implicit: 0, pageLoad: 300000, script: 30000}, unhandledPromptBehavior: dismiss and notify, webauthn:extension:credBlob: true, webauthn:extension:largeBlob: true, webauthn:extension:minPinLength: true, webauthn:extension:prf: true, webauthn:virtualAuthenticators: true}
Element: [[ChromeDriver: chrome on windows (9e72d65a1c1be7b75a6f77e58c16cc6c)] -&gt; xpath: //input[@id=&apos;Uploadfile&apos;]]
Session ID: 9e72d65a1c1be7b75a6f77e58c16cc6c
	at cucumber.api.testng.TestNGCucumberRunner.runCucumber(TestNGCucumberRunner.java:69)
	at cucumber.api.testng.AbstractTestNGCucumberTests.feature(AbstractTestNGCucumberTests.java:21)
Caused by: org.openqa.selenium.InvalidArgumentException: invalid argument: File not found : D:\For Automation Purpose\word.doc
  (Session info: chrome=123.0.6312.106)
Build info: version: &apos;4.12.1&apos;, revision: &apos;8e34639b11&apos;
System info: os.name: &apos;Windows 10&apos;, os.arch: &apos;amd64&apos;, os.version: &apos;10.0&apos;, java.version: &apos;11.0.20&apos;
Driver info: org.openqa.selenium.chrome.ChromeDriver
Command: [9e72d65a1c1be7b75a6f77e58c16cc6c, sendKeysToElement {id=f.C2A06BF8DD7870FB12599EDDDC2344F1.d.6CC9FAC4D0862375E687DCC7F3DA0ACE.e.3064, value=[Ljava.lang.CharSequence;@149238fe}]
Capabilities {acceptInsecureCerts: false, browserName: chrome, browserVersion: 123.0.6312.106, chrome: {chromedriverVersion: 123.0.6312.58 (6b4b19e9dfbb..., userDataDir: C:\Users\admin\AppData\Loca...}, fedcm:accounts: true, goog:chromeOptions: {debuggerAddress: localhost:52617}, networkConnectionEnabled: false, pageLoadStrategy: normal, platformName: windows, proxy: Proxy(), se:cdp: ws://localhost:52617/devtoo..., se:cdpVersion: 123.0.6312.106, setWindowRect: true, strictFileInteractability: false, timeouts: {implicit: 0, pageLoad: 300000, script: 30000}, unhandledPromptBehavior: dismiss and notify, webauthn:extension:credBlob: true, webauthn:extension:largeBlob: true, webauthn:extension:minPinLength: true, webauthn:extension:prf: true, webauthn:virtualAuthenticators: true}
Element: [[ChromeDriver: chrome on windows (9e72d65a1c1be7b75a6f77e58c16cc6c)] -&gt; xpath: //input[@id=&apos;Uploadfile&apos;]]
Session ID: 9e72d65a1c1be7b75a6f77e58c16cc6c
	at org.openqa.selenium.remote.codec.w3c.W3CHttpResponseCodec.createException(W3CHttpResponseCodec.java:200)
	at org.openqa.selenium.remote.codec.w3c.W3CHttpResponseCodec.decode(W3CHttpResponseCodec.java:133)
	at org.openqa.selenium.remote.codec.w3c.W3CHttpResponseCodec.decode(W3CHttpResponseCodec.java:52)
	at org.openqa.selenium.remote.HttpCommandExecutor.execute(HttpCommandExecutor.java:191)
	at org.openqa.selenium.remote.service.DriverCommandExecutor.invokeExecute(DriverCommandExecutor.java:196)
	at org.openqa.selenium.remote.service.DriverCommandExecutor.execute(DriverCommandExecutor.java:171)
	at org.openqa.selenium.remote.RemoteWebDriver.execute(RemoteWebDriver.java:602)
	at org.openqa.selenium.remote.RemoteWebElement.execute(RemoteWebElement.java:224)
	at org.openqa.selenium.remote.RemoteWebElement.sendKeys(RemoteWebElement.java:111)
	at com.cucumber.PageObjects.UserGenSingleByUploadingDOCfilePageObjects.UploadDOCfileintoUploadthedocumentfield(UserGenSingleByUploadingDOCfilePageObjects.java:110)
	at com.cucumber.stepdefination.UserGenSingleByUploadingDOCfileSteps.upload_DOC_file_into_Upload_the_document_field(UserGenSingleByUploadingDOCfileSteps.java:54)
	at ✽.Then Upload DOC file into Upload the document field(src/test/resources/features/UserGenSingleByUploadingDOCfile.feature:10)
... Removed 28 stack frames
</div> <!-- stack-trace -->
                  <em>
(Runs Cucumber Feature)                  </em>
                </div> <!-- method-content -->
              </div> <!-- method -->
            </div> <!-- main-panel-content rounded-window-bottom -->
          </div> <!-- suite-Sapphirus_Systems_Pvt_Ltd-class-failed -->
          <div class="suite-Sapphirus_Systems_Pvt_Ltd-class-failed">
            <div class="main-panel-header rounded-window-top">
              <img src="failed.png"/>
              <span class="class-name">com.cucumber.TestRunner.UserGenSingleByUploadingJPGfileRunner</span>
            </div> <!-- main-panel-header rounded-window-top -->
            <div class="main-panel-content rounded-window-bottom">
              <div class="method">
                <div class="method-content">
                  <a name="feature(Institution User - Check the flow of User Generate Single by uploading JPG file)">
                  </a> <!-- feature(Institution User - Check the flow of User Generate Single by uploading JPG file) -->
                  <span class="method-name">feature</span>
                  <span class="parameters">(Institution User - Check the flow of User Generate Single by uploading JPG file)</span>
                  <div class="stack-trace">cucumber.runtime.CucumberException: org.openqa.selenium.NoSuchElementException: no such element: Unable to locate element: {&quot;method&quot;:&quot;xpath&quot;,&quot;selector&quot;:&quot;(//button[text()=&apos;No&apos;])[2]&quot;}
  (Session info: chrome=123.0.6312.106)
For documentation on this error, please visit: https://www.selenium.dev/documentation/webdriver/troubleshooting/errors#no-such-element-exception
Build info: version: &apos;4.12.1&apos;, revision: &apos;8e34639b11&apos;
System info: os.name: &apos;Windows 10&apos;, os.arch: &apos;amd64&apos;, os.version: &apos;10.0&apos;, java.version: &apos;11.0.20&apos;
Driver info: org.openqa.selenium.chrome.ChromeDriver
Command: [83ae7b2c63674196305d207013a42614, findElement {using=xpath, value=(//button[text()=&apos;No&apos;])[2]}]
Capabilities {acceptInsecureCerts: false, browserName: chrome, browserVersion: 123.0.6312.106, chrome: {chromedriverVersion: 123.0.6312.58 (6b4b19e9dfbb..., userDataDir: C:\Users\admin\AppData\Loca...}, fedcm:accounts: true, goog:chromeOptions: {debuggerAddress: localhost:52552}, networkConnectionEnabled: false, pageLoadStrategy: normal, platformName: windows, proxy: Proxy(), se:cdp: ws://localhost:52552/devtoo..., se:cdpVersion: 123.0.6312.106, setWindowRect: true, strictFileInteractability: false, timeouts: {implicit: 0, pageLoad: 300000, script: 30000}, unhandledPromptBehavior: dismiss and notify, webauthn:extension:credBlob: true, webauthn:extension:largeBlob: true, webauthn:extension:minPinLength: true, webauthn:extension:prf: true, webauthn:virtualAuthenticators: true}
Session ID: 83ae7b2c63674196305d207013a42614
	at cucumber.api.testng.TestNGCucumberRunner.runCucumber(TestNGCucumberRunner.java:69)
	at cucumber.api.testng.AbstractTestNGCucumberTests.feature(AbstractTestNGCucumberTests.java:21)
Caused by: org.openqa.selenium.NoSuchElementException: no such element: Unable to locate element: {&quot;method&quot;:&quot;xpath&quot;,&quot;selector&quot;:&quot;(//button[text()=&apos;No&apos;])[2]&quot;}
  (Session info: chrome=123.0.6312.106)
For documentation on this error, please visit: https://www.selenium.dev/documentation/webdriver/troubleshooting/errors#no-such-element-exception
Build info: version: &apos;4.12.1&apos;, revision: &apos;8e34639b11&apos;
System info: os.name: &apos;Windows 10&apos;, os.arch: &apos;amd64&apos;, os.version: &apos;10.0&apos;, java.version: &apos;11.0.20&apos;
Driver info: org.openqa.selenium.chrome.ChromeDriver
Command: [83ae7b2c63674196305d207013a42614, findElement {using=xpath, value=(//button[text()=&apos;No&apos;])[2]}]
Capabilities {acceptInsecureCerts: false, browserName: chrome, browserVersion: 123.0.6312.106, chrome: {chromedriverVersion: 123.0.6312.58 (6b4b19e9dfbb..., userDataDir: C:\Users\admin\AppData\Loca...}, fedcm:accounts: true, goog:chromeOptions: {debuggerAddress: localhost:52552}, networkConnectionEnabled: false, pageLoadStrategy: normal, platformName: windows, proxy: Proxy(), se:cdp: ws://localhost:52552/devtoo..., se:cdpVersion: 123.0.6312.106, setWindowRect: true, strictFileInteractability: false, timeouts: {implicit: 0, pageLoad: 300000, script: 30000}, unhandledPromptBehavior: dismiss and notify, webauthn:extension:credBlob: true, webauthn:extension:largeBlob: true, webauthn:extension:minPinLength: true, webauthn:extension:prf: true, webauthn:virtualAuthenticators: true}
Session ID: 83ae7b2c63674196305d207013a42614
	at org.openqa.selenium.remote.codec.w3c.W3CHttpResponseCodec.createException(W3CHttpResponseCodec.java:200)
	at org.openqa.selenium.remote.codec.w3c.W3CHttpResponseCodec.decode(W3CHttpResponseCodec.java:133)
	at org.openqa.selenium.remote.codec.w3c.W3CHttpResponseCodec.decode(W3CHttpResponseCodec.java:52)
	at org.openqa.selenium.remote.HttpCommandExecutor.execute(HttpCommandExecutor.java:191)
	at org.openqa.selenium.remote.service.DriverCommandExecutor.invokeExecute(DriverCommandExecutor.java:196)
	at org.openqa.selenium.remote.service.DriverCommandExecutor.execute(DriverCommandExecutor.java:171)
	at org.openqa.selenium.remote.RemoteWebDriver.execute(RemoteWebDriver.java:602)
	at org.openqa.selenium.remote.ElementLocation$ElementFinder$2.findElement(ElementLocation.java:165)
	at org.openqa.selenium.remote.ElementLocation.findElement(ElementLocation.java:59)
	at org.openqa.selenium.remote.RemoteWebDriver.findElement(RemoteWebDriver.java:359)
	at org.openqa.selenium.remote.RemoteWebDriver.findElement(RemoteWebDriver.java:353)
	at com.cucumber.PageObjects.UserGenSingleByUploadingJPGfilePageObjects.Clicknextbutton(UserGenSingleByUploadingJPGfilePageObjects.java:122)
	at com.cucumber.stepdefination.UserGenSingleByUploadingJPGfileSteps.Click_next_button(UserGenSingleByUploadingJPGfileSteps.java:58)
	at ✽.Then Click next button(src/test/resources/features/UserGenSingleByUploadingJPGfile.feature:11)
... Removed 28 stack frames
</div> <!-- stack-trace -->
                  <em>
(Runs Cucumber Feature)                  </em>
                </div> <!-- method-content -->
              </div> <!-- method -->
            </div> <!-- main-panel-content rounded-window-bottom -->
          </div> <!-- suite-Sapphirus_Systems_Pvt_Ltd-class-failed -->
          <div class="suite-Sapphirus_Systems_Pvt_Ltd-class-failed">
            <div class="main-panel-header rounded-window-top">
              <img src="failed.png"/>
              <span class="class-name">com.cucumber.TestRunner.UserGenerateBulkWithApprovalRunner</span>
            </div> <!-- main-panel-header rounded-window-top -->
            <div class="main-panel-content rounded-window-bottom">
              <div class="method">
                <div class="method-content">
                  <a name="feature(Institution User - Check the flow of Institution User Bulk with Approvals)">
                  </a> <!-- feature(Institution User - Check the flow of Institution User Bulk with Approvals) -->
                  <span class="method-name">feature</span>
                  <span class="parameters">(Institution User - Check the flow of Institution User Bulk with Approvals)</span>
                  <div class="stack-trace">cucumber.runtime.CucumberException: org.openqa.selenium.ElementClickInterceptedException: element click intercepted: Element &lt;input _ngcontent-njv-c50=&quot;&quot; type=&quot;checkbox&quot; name=&quot;gen_mail_institution&quot; id=&quot;gen_mail_institution&quot; value=&quot;1&quot; class=&quot;form-check-input ng-untouched ng-pristine ng-valid&quot;&gt; is not clickable at point (126, 368). Other element would receive the click: &lt;div _ngcontent-njv-c94=&quot;&quot; class=&quot;loader-box&quot;&gt;...&lt;/div&gt;
  (Session info: chrome=123.0.6312.106)
Build info: version: &apos;4.12.1&apos;, revision: &apos;8e34639b11&apos;
System info: os.name: &apos;Windows 10&apos;, os.arch: &apos;amd64&apos;, os.version: &apos;10.0&apos;, java.version: &apos;11.0.20&apos;
Driver info: org.openqa.selenium.chrome.ChromeDriver
Command: [0f8bfcb8ba8849b83a6c7ed3ff84fe14, clickElement {id=f.125B376D41CC1D1D4A6CCE376DE0B27B.d.06FD2CF0CE073FECD0D7AB9CC26C1742.e.3194}]
Capabilities {acceptInsecureCerts: false, browserName: chrome, browserVersion: 123.0.6312.106, chrome: {chromedriverVersion: 123.0.6312.58 (6b4b19e9dfbb..., userDataDir: C:\Users\admin\AppData\Loca...}, fedcm:accounts: true, goog:chromeOptions: {debuggerAddress: localhost:52210}, networkConnectionEnabled: false, pageLoadStrategy: normal, platformName: windows, proxy: Proxy(), se:cdp: ws://localhost:52210/devtoo..., se:cdpVersion: 123.0.6312.106, setWindowRect: true, strictFileInteractability: false, timeouts: {implicit: 0, pageLoad: 300000, script: 30000}, unhandledPromptBehavior: dismiss and notify, webauthn:extension:credBlob: true, webauthn:extension:largeBlob: true, webauthn:extension:minPinLength: true, webauthn:extension:prf: true, webauthn:virtualAuthenticators: true}
Element: [[ChromeDriver: chrome on windows (0f8bfcb8ba8849b83a6c7ed3ff84fe14)] -&gt; xpath: //input[@name=&apos;gen_mail_institution&apos;]]
Session ID: 0f8bfcb8ba8849b83a6c7ed3ff84fe14
	at cucumber.api.testng.TestNGCucumberRunner.runCucumber(TestNGCucumberRunner.java:69)
	at cucumber.api.testng.AbstractTestNGCucumberTests.feature(AbstractTestNGCucumberTests.java:21)
Caused by: org.openqa.selenium.ElementClickInterceptedException: element click intercepted: Element &lt;input _ngcontent-njv-c50=&quot;&quot; type=&quot;checkbox&quot; name=&quot;gen_mail_institution&quot; id=&quot;gen_mail_institution&quot; value=&quot;1&quot; class=&quot;form-check-input ng-untouched ng-pristine ng-valid&quot;&gt; is not clickable at point (126, 368). Other element would receive the click: &lt;div _ngcontent-njv-c94=&quot;&quot; class=&quot;loader-box&quot;&gt;...&lt;/div&gt;
  (Session info: chrome=123.0.6312.106)
Build info: version: &apos;4.12.1&apos;, revision: &apos;8e34639b11&apos;
System info: os.name: &apos;Windows 10&apos;, os.arch: &apos;amd64&apos;, os.version: &apos;10.0&apos;, java.version: &apos;11.0.20&apos;
Driver info: org.openqa.selenium.chrome.ChromeDriver
Command: [0f8bfcb8ba8849b83a6c7ed3ff84fe14, clickElement {id=f.125B376D41CC1D1D4A6CCE376DE0B27B.d.06FD2CF0CE073FECD0D7AB9CC26C1742.e.3194}]
Capabilities {acceptInsecureCerts: false, browserName: chrome, browserVersion: 123.0.6312.106, chrome: {chromedriverVersion: 123.0.6312.58 (6b4b19e9dfbb..., userDataDir: C:\Users\admin\AppData\Loca...}, fedcm:accounts: true, goog:chromeOptions: {debuggerAddress: localhost:52210}, networkConnectionEnabled: false, pageLoadStrategy: normal, platformName: windows, proxy: Proxy(), se:cdp: ws://localhost:52210/devtoo..., se:cdpVersion: 123.0.6312.106, setWindowRect: true, strictFileInteractability: false, timeouts: {implicit: 0, pageLoad: 300000, script: 30000}, unhandledPromptBehavior: dismiss and notify, webauthn:extension:credBlob: true, webauthn:extension:largeBlob: true, webauthn:extension:minPinLength: true, webauthn:extension:prf: true, webauthn:virtualAuthenticators: true}
Element: [[ChromeDriver: chrome on windows (0f8bfcb8ba8849b83a6c7ed3ff84fe14)] -&gt; xpath: //input[@name=&apos;gen_mail_institution&apos;]]
Session ID: 0f8bfcb8ba8849b83a6c7ed3ff84fe14
	at org.openqa.selenium.remote.codec.w3c.W3CHttpResponseCodec.createException(W3CHttpResponseCodec.java:200)
	at org.openqa.selenium.remote.codec.w3c.W3CHttpResponseCodec.decode(W3CHttpResponseCodec.java:133)
	at org.openqa.selenium.remote.codec.w3c.W3CHttpResponseCodec.decode(W3CHttpResponseCodec.java:52)
	at org.openqa.selenium.remote.HttpCommandExecutor.execute(HttpCommandExecutor.java:191)
	at org.openqa.selenium.remote.service.DriverCommandExecutor.invokeExecute(DriverCommandExecutor.java:196)
	at org.openqa.selenium.remote.service.DriverCommandExecutor.execute(DriverCommandExecutor.java:171)
	at org.openqa.selenium.remote.RemoteWebDriver.execute(RemoteWebDriver.java:602)
	at org.openqa.selenium.remote.RemoteWebElement.execute(RemoteWebElement.java:224)
	at org.openqa.selenium.remote.RemoteWebElement.click(RemoteWebElement.java:77)
	at com.cucumber.PageObjects.UserGenerateBulkWithApprovalPageObjects.UploadDataFiles(UserGenerateBulkWithApprovalPageObjects.java:161)
	at com.cucumber.stepdefination.UserBulkWithApprovalSteps.upload_Data_Files(UserBulkWithApprovalSteps.java:61)
	at ✽.Then Upload Data Files(src/test/resources/features/UserGenerateBulkWithApproval.feature:17)
... Removed 28 stack frames
</div> <!-- stack-trace -->
                  <em>
(Runs Cucumber Feature)                  </em>
                </div> <!-- method-content -->
              </div> <!-- method -->
            </div> <!-- main-panel-content rounded-window-bottom -->
          </div> <!-- suite-Sapphirus_Systems_Pvt_Ltd-class-failed -->
          <div class="suite-Sapphirus_Systems_Pvt_Ltd-class-failed">
            <div class="main-panel-header rounded-window-top">
              <img src="failed.png"/>
              <span class="class-name">com.cucumber.TestRunner.UserGenSingleByUploadingDOCXfileRunner</span>
            </div> <!-- main-panel-header rounded-window-top -->
            <div class="main-panel-content rounded-window-bottom">
              <div class="method">
                <div class="method-content">
                  <a name="feature(Institution User - Check the flow of User Generate Single by uploading DOCX file)">
                  </a> <!-- feature(Institution User - Check the flow of User Generate Single by uploading DOCX file) -->
                  <span class="method-name">feature</span>
                  <span class="parameters">(Institution User - Check the flow of User Generate Single by uploading DOCX file)</span>
                  <div class="stack-trace">cucumber.runtime.CucumberException: org.openqa.selenium.NoSuchElementException: no such element: Unable to locate element: {&quot;method&quot;:&quot;xpath&quot;,&quot;selector&quot;:&quot;(//button[text()=&apos;No&apos;])[2]&quot;}
  (Session info: chrome=123.0.6312.106)
For documentation on this error, please visit: https://www.selenium.dev/documentation/webdriver/troubleshooting/errors#no-such-element-exception
Build info: version: &apos;4.12.1&apos;, revision: &apos;8e34639b11&apos;
System info: os.name: &apos;Windows 10&apos;, os.arch: &apos;amd64&apos;, os.version: &apos;10.0&apos;, java.version: &apos;11.0.20&apos;
Driver info: org.openqa.selenium.chrome.ChromeDriver
Command: [f0543ccd112fc773c74b1a9125c36487, findElement {using=xpath, value=(//button[text()=&apos;No&apos;])[2]}]
Capabilities {acceptInsecureCerts: false, browserName: chrome, browserVersion: 123.0.6312.106, chrome: {chromedriverVersion: 123.0.6312.58 (6b4b19e9dfbb..., userDataDir: C:\Users\admin\AppData\Loca...}, fedcm:accounts: true, goog:chromeOptions: {debuggerAddress: localhost:52809}, networkConnectionEnabled: false, pageLoadStrategy: normal, platformName: windows, proxy: Proxy(), se:cdp: ws://localhost:52809/devtoo..., se:cdpVersion: 123.0.6312.106, setWindowRect: true, strictFileInteractability: false, timeouts: {implicit: 0, pageLoad: 300000, script: 30000}, unhandledPromptBehavior: dismiss and notify, webauthn:extension:credBlob: true, webauthn:extension:largeBlob: true, webauthn:extension:minPinLength: true, webauthn:extension:prf: true, webauthn:virtualAuthenticators: true}
Session ID: f0543ccd112fc773c74b1a9125c36487
	at cucumber.api.testng.TestNGCucumberRunner.runCucumber(TestNGCucumberRunner.java:69)
	at cucumber.api.testng.AbstractTestNGCucumberTests.feature(AbstractTestNGCucumberTests.java:21)
Caused by: org.openqa.selenium.NoSuchElementException: no such element: Unable to locate element: {&quot;method&quot;:&quot;xpath&quot;,&quot;selector&quot;:&quot;(//button[text()=&apos;No&apos;])[2]&quot;}
  (Session info: chrome=123.0.6312.106)
For documentation on this error, please visit: https://www.selenium.dev/documentation/webdriver/troubleshooting/errors#no-such-element-exception
Build info: version: &apos;4.12.1&apos;, revision: &apos;8e34639b11&apos;
System info: os.name: &apos;Windows 10&apos;, os.arch: &apos;amd64&apos;, os.version: &apos;10.0&apos;, java.version: &apos;11.0.20&apos;
Driver info: org.openqa.selenium.chrome.ChromeDriver
Command: [f0543ccd112fc773c74b1a9125c36487, findElement {using=xpath, value=(//button[text()=&apos;No&apos;])[2]}]
Capabilities {acceptInsecureCerts: false, browserName: chrome, browserVersion: 123.0.6312.106, chrome: {chromedriverVersion: 123.0.6312.58 (6b4b19e9dfbb..., userDataDir: C:\Users\admin\AppData\Loca...}, fedcm:accounts: true, goog:chromeOptions: {debuggerAddress: localhost:52809}, networkConnectionEnabled: false, pageLoadStrategy: normal, platformName: windows, proxy: Proxy(), se:cdp: ws://localhost:52809/devtoo..., se:cdpVersion: 123.0.6312.106, setWindowRect: true, strictFileInteractability: false, timeouts: {implicit: 0, pageLoad: 300000, script: 30000}, unhandledPromptBehavior: dismiss and notify, webauthn:extension:credBlob: true, webauthn:extension:largeBlob: true, webauthn:extension:minPinLength: true, webauthn:extension:prf: true, webauthn:virtualAuthenticators: true}
Session ID: f0543ccd112fc773c74b1a9125c36487
	at org.openqa.selenium.remote.codec.w3c.W3CHttpResponseCodec.createException(W3CHttpResponseCodec.java:200)
	at org.openqa.selenium.remote.codec.w3c.W3CHttpResponseCodec.decode(W3CHttpResponseCodec.java:133)
	at org.openqa.selenium.remote.codec.w3c.W3CHttpResponseCodec.decode(W3CHttpResponseCodec.java:52)
	at org.openqa.selenium.remote.HttpCommandExecutor.execute(HttpCommandExecutor.java:191)
	at org.openqa.selenium.remote.service.DriverCommandExecutor.invokeExecute(DriverCommandExecutor.java:196)
	at org.openqa.selenium.remote.service.DriverCommandExecutor.execute(DriverCommandExecutor.java:171)
	at org.openqa.selenium.remote.RemoteWebDriver.execute(RemoteWebDriver.java:602)
	at org.openqa.selenium.remote.ElementLocation$ElementFinder$2.findElement(ElementLocation.java:165)
	at org.openqa.selenium.remote.ElementLocation.findElement(ElementLocation.java:59)
	at org.openqa.selenium.remote.RemoteWebDriver.findElement(RemoteWebDriver.java:359)
	at org.openqa.selenium.remote.RemoteWebDriver.findElement(RemoteWebDriver.java:353)
	at com.cucumber.PageObjects.UserGenSingleByUploadingDOCXfilePageObjects.ClickbyNextButton(UserGenSingleByUploadingDOCXfilePageObjects.java:122)
	at com.cucumber.stepdefination.UserGenSingleByUploadingDOCXfileSteps.click_by_Next_Button(UserGenSingleByUploadingDOCXfileSteps.java:61)
	at ✽.Then Click by Next Button(src/test/resources/features/UserGenSingleByUploadingDOCXfile.feature:11)
... Removed 28 stack frames
</div> <!-- stack-trace -->
                  <em>
(Runs Cucumber Feature)                  </em>
                </div> <!-- method-content -->
              </div> <!-- method -->
            </div> <!-- main-panel-content rounded-window-bottom -->
          </div> <!-- suite-Sapphirus_Systems_Pvt_Ltd-class-failed -->
          <div class="suite-Sapphirus_Systems_Pvt_Ltd-class-passed">
            <div class="main-panel-header rounded-window-top">
              <img src="passed.png"/>
              <span class="class-name">com.cucumber.TestRunner.UserVerifyCertificatesRunner</span>
            </div> <!-- main-panel-header rounded-window-top -->
            <div class="main-panel-content rounded-window-bottom">
              <div class="method">
                <div class="method-content">
                  <a name="feature(Institution User - Check the flow of Institution User Verify Certificates)">
                  </a> <!-- feature(Institution User - Check the flow of Institution User Verify Certificates) -->
                  <span class="method-name">feature</span>
                  <span class="parameters">(Institution User - Check the flow of Institution User Verify Certificates)</span>
                  <em>
(Runs Cucumber Feature)                  </em>
                </div> <!-- method-content -->
              </div> <!-- method -->
            </div> <!-- main-panel-content rounded-window-bottom -->
          </div> <!-- suite-Sapphirus_Systems_Pvt_Ltd-class-passed -->
          <div class="suite-Sapphirus_Systems_Pvt_Ltd-class-passed">
            <div class="main-panel-header rounded-window-top">
              <img src="passed.png"/>
              <span class="class-name">com.cucumber.TestRunner.UserGeneratedCertificatesRunner</span>
            </div> <!-- main-panel-header rounded-window-top -->
            <div class="main-panel-content rounded-window-bottom">
              <div class="method">
                <div class="method-content">
                  <a name="feature(Institution User - Check the flow of Generated Certificates)">
                  </a> <!-- feature(Institution User - Check the flow of Generated Certificates) -->
                  <span class="method-name">feature</span>
                  <span class="parameters">(Institution User - Check the flow of Generated Certificates)</span>
                  <em>
(Runs Cucumber Feature)                  </em>
                </div> <!-- method-content -->
              </div> <!-- method -->
            </div> <!-- main-panel-content rounded-window-bottom -->
          </div> <!-- suite-Sapphirus_Systems_Pvt_Ltd-class-passed -->
          <div class="suite-Sapphirus_Systems_Pvt_Ltd-class-passed">
            <div class="main-panel-header rounded-window-top">
              <img src="passed.png"/>
              <span class="class-name">com.cucumber.TestRunner.UserChangePasswordRunner</span>
            </div> <!-- main-panel-header rounded-window-top -->
            <div class="main-panel-content rounded-window-bottom">
              <div class="method">
                <div class="method-content">
                  <a name="feature(Institution User - Check the flow of Change Password)">
                  </a> <!-- feature(Institution User - Check the flow of Change Password) -->
                  <span class="method-name">feature</span>
                  <span class="parameters">(Institution User - Check the flow of Change Password)</span>
                  <em>
(Runs Cucumber Feature)                  </em>
                </div> <!-- method-content -->
              </div> <!-- method -->
            </div> <!-- main-panel-content rounded-window-bottom -->
          </div> <!-- suite-Sapphirus_Systems_Pvt_Ltd-class-passed -->
          <div class="suite-Sapphirus_Systems_Pvt_Ltd-class-passed">
            <div class="main-panel-header rounded-window-top">
              <img src="passed.png"/>
              <span class="class-name">com.cucumber.TestRunner.UserDashboardViewAllGenerationsRunner</span>
            </div> <!-- main-panel-header rounded-window-top -->
            <div class="main-panel-content rounded-window-bottom">
              <div class="method">
                <div class="method-content">
                  <a name="feature(Institution User - Check the flow of View All Generations)">
                  </a> <!-- feature(Institution User - Check the flow of View All Generations) -->
                  <span class="method-name">feature</span>
                  <span class="parameters">(Institution User - Check the flow of View All Generations)</span>
                  <em>
(Runs Cucumber Feature)                  </em>
                </div> <!-- method-content -->
              </div> <!-- method -->
            </div> <!-- main-panel-content rounded-window-bottom -->
          </div> <!-- suite-Sapphirus_Systems_Pvt_Ltd-class-passed -->
        </div> <!-- panel Sapphirus_Systems_Pvt_Ltd -->
        <div panel-name="test-xml-Sapphirus_Systems_Pvt_Ltd" class="panel">
          <div class="main-panel-header rounded-window-top">
            <span class="header-content">C:\Users\admin\eclipse-workspace\Learning Chain Automation6\testng.xml</span>
          </div> <!-- main-panel-header rounded-window-top -->
          <div class="main-panel-content rounded-window-bottom">
            <pre>
&lt;?xml version=&quot;1.0&quot; encoding=&quot;UTF-8&quot;?&gt;
&lt;!DOCTYPE suite SYSTEM &quot;http://testng.org/testng-1.0.dtd&quot;&gt;
&lt;suite name=&quot;Sapphirus Systems Pvt Ltd&quot; guice-stage=&quot;DEVELOPMENT&quot;&gt;
  &lt;listeners&gt;
    &lt;listener class-name=&quot;com.cucumber.utility.Listener&quot;/&gt;
  &lt;/listeners&gt;
  &lt;test name=&quot;ChromeBrowser&quot;&gt;
    &lt;parameter name=&quot;browser&quot; value=&quot;chrome&quot;/&gt;
    &lt;classes&gt;
      &lt;class name=&quot;com.cucumber.TestRunner.UserGenerateBulkWithApprovalRunner&quot;/&gt;
      &lt;class name=&quot;com.cucumber.TestRunner.UserVerifyCertificatesRunner&quot;/&gt;
      &lt;class name=&quot;com.cucumber.TestRunner.UserGeneratedCertificatesRunner&quot;/&gt;
      &lt;class name=&quot;com.cucumber.TestRunner.UserChangePasswordRunner&quot;/&gt;
      &lt;class name=&quot;com.cucumber.TestRunner.UserDashboardRecentCertificateGenerationsRunner&quot;/&gt;
      &lt;class name=&quot;com.cucumber.TestRunner.UserDashboardViewAllGenerationsRunner&quot;/&gt;
      &lt;class name=&quot;com.cucumber.TestRunner.UserGenSingleByUploadingJPGfileRunner&quot;/&gt;
      &lt;class name=&quot;com.cucumber.TestRunner.UserGenSingleByUploadingDOCfileRunner&quot;/&gt;
      &lt;class name=&quot;com.cucumber.TestRunner.UserGenSingleByUploadingDOCXfileRunner&quot;/&gt;
    &lt;/classes&gt;
  &lt;/test&gt; &lt;!-- ChromeBrowser --&gt;
  &lt;test name=&quot;ChromeBrowser(failed)&quot;&gt;
    &lt;parameter name=&quot;browser&quot; value=&quot;chrome&quot;/&gt;
    &lt;classes&gt;
      &lt;class name=&quot;com.cucumber.TestRunner.UserVerifyCertificatesRunner&quot;&gt;
        &lt;methods&gt;
          &lt;include name=&quot;testDownClass&quot;/&gt;
          &lt;include name=&quot;setUpClass&quot;/&gt;
          &lt;include name=&quot;beforeclass&quot;/&gt;
          &lt;include name=&quot;tearDownClass&quot;/&gt;
        &lt;/methods&gt;
      &lt;/class&gt; &lt;!-- com.cucumber.TestRunner.UserVerifyCertificatesRunner --&gt;
      &lt;class name=&quot;com.cucumber.TestRunner.UserDashboardRecentCertificateGenerationsRunner&quot;&gt;
        &lt;methods&gt;
          &lt;include name=&quot;beforeclass&quot;/&gt;
          &lt;include name=&quot;setUpClass&quot;/&gt;
          &lt;include name=&quot;feature&quot; invocation-numbers=&quot;0&quot;/&gt;
          &lt;include name=&quot;testDownClass&quot;/&gt;
          &lt;include name=&quot;tearDownClass&quot;/&gt;
        &lt;/methods&gt;
      &lt;/class&gt; &lt;!-- com.cucumber.TestRunner.UserDashboardRecentCertificateGenerationsRunner --&gt;
      &lt;class name=&quot;com.cucumber.TestRunner.UserGeneratedCertificatesRunner&quot;&gt;
        &lt;methods&gt;
          &lt;include name=&quot;testDownClass&quot;/&gt;
          &lt;include name=&quot;setUpClass&quot;/&gt;
          &lt;include name=&quot;tearDownClass&quot;/&gt;
          &lt;include name=&quot;beforeclass&quot;/&gt;
        &lt;/methods&gt;
      &lt;/class&gt; &lt;!-- com.cucumber.TestRunner.UserGeneratedCertificatesRunner --&gt;
      &lt;class name=&quot;com.cucumber.TestRunner.UserGenSingleByUploadingDOCfileRunner&quot;&gt;
        &lt;methods&gt;
          &lt;include name=&quot;beforeclass&quot;/&gt;
          &lt;include name=&quot;setUpClass&quot;/&gt;
          &lt;include name=&quot;feature&quot; invocation-numbers=&quot;0&quot;/&gt;
          &lt;include name=&quot;testDownClass&quot;/&gt;
          &lt;include name=&quot;tearDownClass&quot;/&gt;
        &lt;/methods&gt;
      &lt;/class&gt; &lt;!-- com.cucumber.TestRunner.UserGenSingleByUploadingDOCfileRunner --&gt;
      &lt;class name=&quot;com.cucumber.TestRunner.UserGenSingleByUploadingJPGfileRunner&quot;&gt;
        &lt;methods&gt;
          &lt;include name=&quot;testDownClass&quot;/&gt;
          &lt;include name=&quot;setUpClass&quot;/&gt;
          &lt;include name=&quot;feature&quot; invocation-numbers=&quot;0&quot;/&gt;
          &lt;include name=&quot;tearDownClass&quot;/&gt;
          &lt;include name=&quot;beforeclass&quot;/&gt;
        &lt;/methods&gt;
      &lt;/class&gt; &lt;!-- com.cucumber.TestRunner.UserGenSingleByUploadingJPGfileRunner --&gt;
      &lt;class name=&quot;com.cucumber.TestRunner.UserChangePasswordRunner&quot;&gt;
        &lt;methods&gt;
          &lt;include name=&quot;setUpClass&quot;/&gt;
          &lt;include name=&quot;beforeclass&quot;/&gt;
          &lt;include name=&quot;testDownClass&quot;/&gt;
          &lt;include name=&quot;tearDownClass&quot;/&gt;
        &lt;/methods&gt;
      &lt;/class&gt; &lt;!-- com.cucumber.TestRunner.UserChangePasswordRunner --&gt;
      &lt;class name=&quot;com.cucumber.TestRunner.UserGenerateBulkWithApprovalRunner&quot;&gt;
        &lt;methods&gt;
          &lt;include name=&quot;setUpClass&quot;/&gt;
          &lt;include name=&quot;testDownClass&quot;/&gt;
          &lt;include name=&quot;feature&quot; invocation-numbers=&quot;0&quot;/&gt;
          &lt;include name=&quot;tearDownClass&quot;/&gt;
          &lt;include name=&quot;beforeclass&quot;/&gt;
        &lt;/methods&gt;
      &lt;/class&gt; &lt;!-- com.cucumber.TestRunner.UserGenerateBulkWithApprovalRunner --&gt;
      &lt;class name=&quot;com.cucumber.TestRunner.UserDashboardViewAllGenerationsRunner&quot;&gt;
        &lt;methods&gt;
          &lt;include name=&quot;setUpClass&quot;/&gt;
          &lt;include name=&quot;testDownClass&quot;/&gt;
          &lt;include name=&quot;beforeclass&quot;/&gt;
          &lt;include name=&quot;tearDownClass&quot;/&gt;
        &lt;/methods&gt;
      &lt;/class&gt; &lt;!-- com.cucumber.TestRunner.UserDashboardViewAllGenerationsRunner --&gt;
      &lt;class name=&quot;com.cucumber.TestRunner.UserGenSingleByUploadingDOCXfileRunner&quot;&gt;
        &lt;methods&gt;
          &lt;include name=&quot;setUpClass&quot;/&gt;
          &lt;include name=&quot;beforeclass&quot;/&gt;
          &lt;include name=&quot;feature&quot; invocation-numbers=&quot;0&quot;/&gt;
          &lt;include name=&quot;testDownClass&quot;/&gt;
          &lt;include name=&quot;tearDownClass&quot;/&gt;
        &lt;/methods&gt;
      &lt;/class&gt; &lt;!-- com.cucumber.TestRunner.UserGenSingleByUploadingDOCXfileRunner --&gt;
    &lt;/classes&gt;
  &lt;/test&gt; &lt;!-- ChromeBrowser(failed) --&gt;
&lt;/suite&gt; &lt;!-- Sapphirus Systems Pvt Ltd --&gt;
            </pre>
          </div> <!-- main-panel-content rounded-window-bottom -->
        </div> <!-- panel -->
        <div panel-name="testlist-Sapphirus_Systems_Pvt_Ltd" class="panel">
          <div class="main-panel-header rounded-window-top">
            <span class="header-content">Tests for Sapphirus Systems Pvt Ltd</span>
          </div> <!-- main-panel-header rounded-window-top -->
          <div class="main-panel-content rounded-window-bottom">
            <ul>
              <li>
                <span class="test-name">ChromeBrowser (9 classes)</span>
              </li>
              <li>
                <span class="test-name">ChromeBrowser(failed) (9 classes)</span>
              </li>
            </ul>
          </div> <!-- main-panel-content rounded-window-bottom -->
        </div> <!-- panel -->
        <div panel-name="group-Sapphirus_Systems_Pvt_Ltd" class="panel">
          <div class="main-panel-header rounded-window-top">
            <span class="header-content">Groups for Sapphirus Systems Pvt Ltd</span>
          </div> <!-- main-panel-header rounded-window-top -->
          <div class="main-panel-content rounded-window-bottom">
            <div class="test-group">
              <span class="test-group-name">cucumber</span>
              <br/>
              <div class="method-in-group">
                <span class="method-in-group-name">feature</span>
                <br/>
              </div> <!-- method-in-group -->
            </div> <!-- test-group -->
          </div> <!-- main-panel-content rounded-window-bottom -->
        </div> <!-- panel -->
        <div panel-name="times-Sapphirus_Systems_Pvt_Ltd" class="panel">
          <div class="main-panel-header rounded-window-top">
            <span class="header-content">Times for Sapphirus Systems Pvt Ltd</span>
          </div> <!-- main-panel-header rounded-window-top -->
          <div class="main-panel-content rounded-window-bottom">
            <div class="times-div">
              <script type="text/javascript">
suiteTableInitFunctions.push('tableData_Sapphirus_Systems_Pvt_Ltd');
function tableData_Sapphirus_Systems_Pvt_Ltd() {
var data = new google.visualization.DataTable();
data.addColumn('number', 'Number');
data.addColumn('string', 'Method');
data.addColumn('string', 'Class');
data.addColumn('number', 'Time (ms)');
data.addRows(9);
data.setCell(0, 0, 0)
data.setCell(0, 1, 'feature')
data.setCell(0, 2, 'com.cucumber.TestRunner.UserGenSingleByUploadingDOCXfileRunner')
data.setCell(0, 3, 69164);
data.setCell(1, 0, 1)
data.setCell(1, 1, 'feature')
data.setCell(1, 2, 'com.cucumber.TestRunner.UserGenSingleByUploadingJPGfileRunner')
data.setCell(1, 3, 68972);
data.setCell(2, 0, 2)
data.setCell(2, 1, 'feature')
data.setCell(2, 2, 'com.cucumber.TestRunner.UserGeneratedCertificatesRunner')
data.setCell(2, 3, 54536);
data.setCell(3, 0, 3)
data.setCell(3, 1, 'feature')
data.setCell(3, 2, 'com.cucumber.TestRunner.UserDashboardRecentCertificateGenerationsRunner')
data.setCell(3, 3, 50081);
data.setCell(4, 0, 4)
data.setCell(4, 1, 'feature')
data.setCell(4, 2, 'com.cucumber.TestRunner.UserGenerateBulkWithApprovalRunner')
data.setCell(4, 3, 46168);
data.setCell(5, 0, 5)
data.setCell(5, 1, 'feature')
data.setCell(5, 2, 'com.cucumber.TestRunner.UserGenSingleByUploadingDOCfileRunner')
data.setCell(5, 3, 37660);
data.setCell(6, 0, 6)
data.setCell(6, 1, 'feature')
data.setCell(6, 2, 'com.cucumber.TestRunner.UserVerifyCertificatesRunner')
data.setCell(6, 3, 37184);
data.setCell(7, 0, 7)
data.setCell(7, 1, 'feature')
data.setCell(7, 2, 'com.cucumber.TestRunner.UserChangePasswordRunner')
data.setCell(7, 3, 36400);
data.setCell(8, 0, 8)
data.setCell(8, 1, 'feature')
data.setCell(8, 2, 'com.cucumber.TestRunner.UserDashboardViewAllGenerationsRunner')
data.setCell(8, 3, 29545);
window.suiteTableData['Sapphirus_Systems_Pvt_Ltd']= { tableData: data, tableDiv: 'times-div-Sapphirus_Systems_Pvt_Ltd'}
return data;
}
              </script>
              <span class="suite-total-time">Total running time: 7 minutes</span>
              <div id="times-div-Sapphirus_Systems_Pvt_Ltd">
              </div> <!-- times-div-Sapphirus_Systems_Pvt_Ltd -->
            </div> <!-- times-div -->
          </div> <!-- main-panel-content rounded-window-bottom -->
        </div> <!-- panel -->
        <div panel-name="reporter-Sapphirus_Systems_Pvt_Ltd" class="panel">
          <div class="main-panel-header rounded-window-top">
            <span class="header-content">Reporter output for Sapphirus Systems Pvt Ltd</span>
          </div> <!-- main-panel-header rounded-window-top -->
          <div class="main-panel-content rounded-window-bottom">
            <div class="reporter-method-div">
              <span class="reporter-method-name">feature(Institution User - Check the flow of Institution User Verify Certificates)</span>
              <div class="reporter-method-output-div">
                <span class="reporter-method-output">Completed executing following method : AbstractTestNGCucumberTests.feature</span>
                <span class="reporter-method-output">Test Method resides in com.cucumber.TestRunner.UserVerifyCertificatesRunner</span>
                <span class="reporter-method-output">Test Method had the following parameters : nullInstitution User - Check the flow of Institution User Verify Certificates,</span>
                <span class="reporter-method-output">Test Status: Pass</span>
              </div> <!-- reporter-method-output-div -->
            </div> <!-- reporter-method-div -->
            <div class="reporter-method-div">
              <span class="reporter-method-name">feature(Institution User - Check the flow of Change Password)</span>
              <div class="reporter-method-output-div">
                <span class="reporter-method-output">Completed executing following method : AbstractTestNGCucumberTests.feature</span>
                <span class="reporter-method-output">Test Method resides in com.cucumber.TestRunner.UserChangePasswordRunner</span>
                <span class="reporter-method-output">Test Method had the following parameters : nullInstitution User - Check the flow of Change Password,</span>
                <span class="reporter-method-output">Test Status: Pass</span>
              </div> <!-- reporter-method-output-div -->
            </div> <!-- reporter-method-div -->
            <div class="reporter-method-div">
              <span class="reporter-method-name">feature(Institution User - Check the flow of Generated Certificates)</span>
              <div class="reporter-method-output-div">
                <span class="reporter-method-output">Completed executing following method : AbstractTestNGCucumberTests.feature</span>
                <span class="reporter-method-output">Test Method resides in com.cucumber.TestRunner.UserGeneratedCertificatesRunner</span>
                <span class="reporter-method-output">Test Method had the following parameters : nullInstitution User - Check the flow of Generated Certificates,</span>
                <span class="reporter-method-output">Test Status: Pass</span>
              </div> <!-- reporter-method-output-div -->
            </div> <!-- reporter-method-div -->
            <div class="reporter-method-div">
              <span class="reporter-method-name">feature(Institution User - Check the flow of View All Generations)</span>
              <div class="reporter-method-output-div">
                <span class="reporter-method-output">Completed executing following method : AbstractTestNGCucumberTests.feature</span>
                <span class="reporter-method-output">Test Method resides in com.cucumber.TestRunner.UserDashboardViewAllGenerationsRunner</span>
                <span class="reporter-method-output">Test Method had the following parameters : nullInstitution User - Check the flow of View All Generations,</span>
                <span class="reporter-method-output">Test Status: Pass</span>
              </div> <!-- reporter-method-output-div -->
            </div> <!-- reporter-method-div -->
            <div class="reporter-method-div">
              <span class="reporter-method-name">feature(Institution User - Check the flow of User Generate Single by uploading DOC file)</span>
              <div class="reporter-method-output-div">
                <span class="reporter-method-output">Completed executing following method : AbstractTestNGCucumberTests.feature</span>
                <span class="reporter-method-output">Test Method resides in com.cucumber.TestRunner.UserGenSingleByUploadingDOCfileRunner</span>
                <span class="reporter-method-output">Test Method had the following parameters : nullInstitution User - Check the flow of User Generate Single by uploading DOC file,</span>
                <span class="reporter-method-output">Test Status: Failed</span>
              </div> <!-- reporter-method-output-div -->
            </div> <!-- reporter-method-div -->
            <div class="reporter-method-div">
              <span class="reporter-method-name">feature(Institution User - Check the flow of User Generate Single by uploading DOCX file)</span>
              <div class="reporter-method-output-div">
                <span class="reporter-method-output">Completed executing following method : AbstractTestNGCucumberTests.feature</span>
                <span class="reporter-method-output">Test Method resides in com.cucumber.TestRunner.UserGenSingleByUploadingDOCXfileRunner</span>
                <span class="reporter-method-output">Test Method had the following parameters : nullInstitution User - Check the flow of User Generate Single by uploading DOCX file,</span>
                <span class="reporter-method-output">Test Status: Failed</span>
              </div> <!-- reporter-method-output-div -->
            </div> <!-- reporter-method-div -->
            <div class="reporter-method-div">
              <span class="reporter-method-name">feature(Institution User - Check the flow of Institution User Bulk with Approvals)</span>
              <div class="reporter-method-output-div">
                <span class="reporter-method-output">Completed executing following method : AbstractTestNGCucumberTests.feature</span>
                <span class="reporter-method-output">Test Method resides in com.cucumber.TestRunner.UserGenerateBulkWithApprovalRunner</span>
                <span class="reporter-method-output">Test Method had the following parameters : nullInstitution User - Check the flow of Institution User Bulk with Approvals,</span>
                <span class="reporter-method-output">Test Status: Failed</span>
              </div> <!-- reporter-method-output-div -->
            </div> <!-- reporter-method-div -->
            <div class="reporter-method-div">
              <span class="reporter-method-name">feature(Institution User - Check the flow of Dashboard Recent Certificate Generations - print button)</span>
              <div class="reporter-method-output-div">
                <span class="reporter-method-output">Completed executing following method : AbstractTestNGCucumberTests.feature</span>
                <span class="reporter-method-output">Test Method resides in com.cucumber.TestRunner.UserDashboardRecentCertificateGenerationsRunner</span>
                <span class="reporter-method-output">Test Method had the following parameters : nullInstitution User - Check the flow of Dashboard Recent Certificate Generations - print button,</span>
                <span class="reporter-method-output">Test Status: Failed</span>
              </div> <!-- reporter-method-output-div -->
            </div> <!-- reporter-method-div -->
            <div class="reporter-method-div">
              <span class="reporter-method-name">feature(Institution User - Check the flow of User Generate Single by uploading JPG file)</span>
              <div class="reporter-method-output-div">
                <span class="reporter-method-output">Completed executing following method : AbstractTestNGCucumberTests.feature</span>
                <span class="reporter-method-output">Test Method resides in com.cucumber.TestRunner.UserGenSingleByUploadingJPGfileRunner</span>
                <span class="reporter-method-output">Test Method had the following parameters : nullInstitution User - Check the flow of User Generate Single by uploading JPG file,</span>
                <span class="reporter-method-output">Test Status: Failed</span>
              </div> <!-- reporter-method-output-div -->
            </div> <!-- reporter-method-div -->
          </div> <!-- main-panel-content rounded-window-bottom -->
        </div> <!-- panel -->
        <div panel-name="ignored-methods-Sapphirus_Systems_Pvt_Ltd" class="panel">
          <div class="main-panel-header rounded-window-top">
            <span class="header-content">0 ignored methods</span>
          </div> <!-- main-panel-header rounded-window-top -->
          <div class="main-panel-content rounded-window-bottom">
          </div> <!-- main-panel-content rounded-window-bottom -->
        </div> <!-- panel -->
        <div panel-name="chronological-Sapphirus_Systems_Pvt_Ltd" class="panel">
          <div class="main-panel-header rounded-window-top">
            <span class="header-content">Methods in chronological order</span>
          </div> <!-- main-panel-header rounded-window-top -->
          <div class="main-panel-content rounded-window-bottom">
            <div class="chronological-class">
              <div class="chronological-class-name">com.cucumber.TestRunner.UserGenerateBulkWithApprovalRunner</div> <!-- chronological-class-name -->
              <div class="configuration-class before">
                <span class="method-name">setUpClass</span>
                <span class="method-start">0 ms</span>
              </div> <!-- configuration-class before -->
              <div class="configuration-class before">
                <span class="method-name">beforeclass(chrome)</span>
                <span class="method-start">595 ms</span>
              </div> <!-- configuration-class before -->
              <div class="test-method">
                <img src="failed.png">
                </img>
                <span class="method-name">feature(Institution User - Check the flow of Institution User Bulk with Approvals)</span>
                <span class="method-start">6582 ms</span>
              </div> <!-- test-method -->
              <div class="configuration-class after">
                <span class="method-name">testDownClass</span>
                <span class="method-start">52770 ms</span>
              </div> <!-- configuration-class after -->
              <div class="configuration-class after">
                <span class="method-name">tearDownClass</span>
                <span class="method-start">53060 ms</span>
              </div> <!-- configuration-class after -->
            </div> <!-- chronological-class -->
            <div class="chronological-class">
              <div class="chronological-class-name">com.cucumber.TestRunner.UserVerifyCertificatesRunner</div> <!-- chronological-class-name -->
              <div class="configuration-class before">
                <span class="method-name">setUpClass</span>
                <span class="method-start">53500 ms</span>
              </div> <!-- configuration-class before -->
              <div class="configuration-class before">
                <span class="method-name">beforeclass(chrome)</span>
                <span class="method-start">53745 ms</span>
              </div> <!-- configuration-class before -->
              <div class="test-method">
                <span class="method-name">feature(Institution User - Check the flow of Institution User Verify Certificates)</span>
                <span class="method-start">58855 ms</span>
              </div> <!-- test-method -->
              <div class="configuration-class after">
                <span class="method-name">testDownClass</span>
                <span class="method-start">96043 ms</span>
              </div> <!-- configuration-class after -->
              <div class="configuration-class after">
                <span class="method-name">tearDownClass</span>
                <span class="method-start">96284 ms</span>
              </div> <!-- configuration-class after -->
            </div> <!-- chronological-class -->
            <div class="chronological-class">
              <div class="chronological-class-name">com.cucumber.TestRunner.UserGeneratedCertificatesRunner</div> <!-- chronological-class-name -->
              <div class="configuration-class before">
                <span class="method-name">setUpClass</span>
                <span class="method-start">96369 ms</span>
              </div> <!-- configuration-class before -->
              <div class="configuration-class before">
                <span class="method-name">beforeclass(chrome)</span>
                <span class="method-start">96447 ms</span>
              </div> <!-- configuration-class before -->
              <div class="test-method">
                <span class="method-name">feature(Institution User - Check the flow of Generated Certificates)</span>
                <span class="method-start">99709 ms</span>
              </div> <!-- test-method -->
              <div class="configuration-class after">
                <span class="method-name">testDownClass</span>
                <span class="method-start">154248 ms</span>
              </div> <!-- configuration-class after -->
              <div class="configuration-class after">
                <span class="method-name">tearDownClass</span>
                <span class="method-start">154490 ms</span>
              </div> <!-- configuration-class after -->
            </div> <!-- chronological-class -->
            <div class="chronological-class">
              <div class="chronological-class-name">com.cucumber.TestRunner.UserChangePasswordRunner</div> <!-- chronological-class-name -->
              <div class="configuration-class before">
                <span class="method-name">setUpClass</span>
                <span class="method-start">154550 ms</span>
              </div> <!-- configuration-class before -->
              <div class="configuration-class before">
                <span class="method-name">beforeclass(chrome)</span>
                <span class="method-start">154628 ms</span>
              </div> <!-- configuration-class before -->
              <div class="test-method">
                <span class="method-name">feature(Institution User - Check the flow of Change Password)</span>
                <span class="method-start">158268 ms</span>
              </div> <!-- test-method -->
              <div class="configuration-class after">
                <span class="method-name">testDownClass</span>
                <span class="method-start">194669 ms</span>
              </div> <!-- configuration-class after -->
              <div class="configuration-class after">
                <span class="method-name">tearDownClass</span>
                <span class="method-start">194913 ms</span>
              </div> <!-- configuration-class after -->
            </div> <!-- chronological-class -->
            <div class="chronological-class">
              <div class="chronological-class-name">com.cucumber.TestRunner.UserDashboardRecentCertificateGenerationsRunner</div> <!-- chronological-class-name -->
              <div class="configuration-class before">
                <span class="method-name">setUpClass</span>
                <span class="method-start">194979 ms</span>
              </div> <!-- configuration-class before -->
              <div class="configuration-class before">
                <span class="method-name">beforeclass(chrome)</span>
                <span class="method-start">195027 ms</span>
              </div> <!-- configuration-class before -->
              <div class="test-method">
                <img src="failed.png">
                </img>
                <span class="method-name">feature(Institution User - Check the flow of Dashboard Recent Certificate Generations - print button)</span>
                <span class="method-start">199817 ms</span>
              </div> <!-- test-method -->
              <div class="configuration-class after">
                <span class="method-name">testDownClass</span>
                <span class="method-start">249904 ms</span>
              </div> <!-- configuration-class after -->
              <div class="configuration-class after">
                <span class="method-name">tearDownClass</span>
                <span class="method-start">250159 ms</span>
              </div> <!-- configuration-class after -->
            </div> <!-- chronological-class -->
            <div class="chronological-class">
              <div class="chronological-class-name">com.cucumber.TestRunner.UserDashboardViewAllGenerationsRunner</div> <!-- chronological-class-name -->
              <div class="configuration-class before">
                <span class="method-name">setUpClass</span>
                <span class="method-start">250227 ms</span>
              </div> <!-- configuration-class before -->
              <div class="configuration-class before">
                <span class="method-name">beforeclass(chrome)</span>
                <span class="method-start">250300 ms</span>
              </div> <!-- configuration-class before -->
              <div class="test-method">
                <span class="method-name">feature(Institution User - Check the flow of View All Generations)</span>
                <span class="method-start">253891 ms</span>
              </div> <!-- test-method -->
              <div class="configuration-class after">
                <span class="method-name">testDownClass</span>
                <span class="method-start">283442 ms</span>
              </div> <!-- configuration-class after -->
              <div class="configuration-class after">
                <span class="method-name">tearDownClass</span>
                <span class="method-start">283696 ms</span>
              </div> <!-- configuration-class after -->
            </div> <!-- chronological-class -->
            <div class="chronological-class">
              <div class="chronological-class-name">com.cucumber.TestRunner.UserGenSingleByUploadingJPGfileRunner</div> <!-- chronological-class-name -->
              <div class="configuration-class before">
                <span class="method-name">setUpClass</span>
                <span class="method-start">283750 ms</span>
              </div> <!-- configuration-class before -->
              <div class="configuration-class before">
                <span class="method-name">beforeclass(chrome)</span>
                <span class="method-start">283797 ms</span>
              </div> <!-- configuration-class before -->
              <div class="test-method">
                <img src="failed.png">
                </img>
                <span class="method-name">feature(Institution User - Check the flow of User Generate Single by uploading JPG file)</span>
                <span class="method-start">286968 ms</span>
              </div> <!-- test-method -->
              <div class="configuration-class after">
                <span class="method-name">testDownClass</span>
                <span class="method-start">355945 ms</span>
              </div> <!-- configuration-class after -->
              <div class="configuration-class after">
                <span class="method-name">tearDownClass</span>
                <span class="method-start">356188 ms</span>
              </div> <!-- configuration-class after -->
            </div> <!-- chronological-class -->
            <div class="chronological-class">
              <div class="chronological-class-name">com.cucumber.TestRunner.UserGenSingleByUploadingDOCfileRunner</div> <!-- chronological-class-name -->
              <div class="configuration-class before">
                <span class="method-name">setUpClass</span>
                <span class="method-start">356245 ms</span>
              </div> <!-- configuration-class before -->
              <div class="configuration-class before">
                <span class="method-name">beforeclass(chrome)</span>
                <span class="method-start">356303 ms</span>
              </div> <!-- configuration-class before -->
              <div class="test-method">
                <img src="failed.png">
                </img>
                <span class="method-name">feature(Institution User - Check the flow of User Generate Single by uploading DOC file)</span>
                <span class="method-start">359692 ms</span>
              </div> <!-- test-method -->
              <div class="configuration-class after">
                <span class="method-name">testDownClass</span>
                <span class="method-start">397353 ms</span>
              </div> <!-- configuration-class after -->
              <div class="configuration-class after">
                <span class="method-name">tearDownClass</span>
                <span class="method-start">397534 ms</span>
              </div> <!-- configuration-class after -->
            </div> <!-- chronological-class -->
            <div class="chronological-class">
              <div class="chronological-class-name">com.cucumber.TestRunner.UserGenSingleByUploadingDOCXfileRunner</div> <!-- chronological-class-name -->
              <div class="configuration-class before">
                <span class="method-name">setUpClass</span>
                <span class="method-start">397593 ms</span>
              </div> <!-- configuration-class before -->
              <div class="configuration-class before">
                <span class="method-name">beforeclass(chrome)</span>
                <span class="method-start">397664 ms</span>
              </div> <!-- configuration-class before -->
              <div class="test-method">
                <img src="failed.png">
                </img>
                <span class="method-name">feature(Institution User - Check the flow of User Generate Single by uploading DOCX file)</span>
                <span class="method-start">401110 ms</span>
              </div> <!-- test-method -->
              <div class="configuration-class after">
                <span class="method-name">testDownClass</span>
                <span class="method-start">470277 ms</span>
              </div> <!-- configuration-class after -->
              <div class="configuration-class after">
                <span class="method-name">tearDownClass</span>
                <span class="method-start">470464 ms</span>
              </div> <!-- configuration-class after -->
          </div> <!-- main-panel-content rounded-window-bottom -->
        </div> <!-- panel -->
      </div> <!-- main-panel-root -->
    </div> <!-- wrapper -->
  </body>
</html>
